<?xml version="1.0" encoding="UTF-8"?>
<testsuite xmlns:xsi="http://www.w3.org/2001/XMLSchema-instance" xsi:noNamespaceSchemaLocation="https://maven.apache.org/surefire/maven-surefire-plugin/xsd/surefire-test-report.xsd" name="aula_inatel.dummyapi.DummyRunner" time="8.354" tests="1" errors="0" skipped="0" failures="1">
  <properties>
[...]
</properties>
  <testcase name="Dummy_Runner[1][1]" classname="aula_inatel.dummyapi.DummyRunner" time="6.544">
    <failure message="status code was: 403, expected: 200, response time in milliseconds: 796, url: https://dummyapi.io/data/v1/user, response: &#10;{&quot;error&quot;:&quot;APP_ID_MISSING&quot;}&#10;classpath:aula_inatel/dummyapi/dummyapi.feature:10" type="org.opentest4j.AssertionFailedError">org.opentest4j.AssertionFailedError: 
status code was: 403, expected: 200, response time in milliseconds: 796, url: https://dummyapi.io/data/v1/user, response: 
{"error":"APP_ID_MISSING"}
classpath:aula_inatel/dummyapi/dummyapi.feature:10
</failure>
    <system-out><![CDATA[20:23:19.197 [main] DEBUG com.intuit.karate.Suite - [config] classpath:karate-config.js
20:23:21.722 [main] INFO  com.intuit.karate - karate.env system property was: null 
20:23:22.507 [main] DEBUG com.intuit.karate - request:
1 > GET https://dummyapi.io/data/v1/user
1 > Host: dummyapi.io
1 > Connection: Keep-Alive
1 > User-Agent: Apache-HttpClient/4.5.13 (Java/17.0.6)
1 > Accept-Encoding: gzip,deflate


20:23:23.367 [main] DEBUG com.intuit.karate - response time in milliseconds: 796
1 < 403
1 < Connection: keep-alive
1 < Content-Length: 26
1 < Access-Control-Allow-Origin: *
1 < Content-Type: application/json; charset=utf-8
1 < Etag: W/"1a-ugpWdOPzt4M+BnYwzBk9ABBdkQU"
1 < Function-Execution-Id: yy4w1tr41d77
1 < Server: Google Frontend
1 < X-Cloud-Trace-Context: faa3c4f7a0936e513d6630b91b724b48;o=1
1 < Accept-Ranges: bytes
1 < Date: Thu, 01 Jun 2023 23:23:23 GMT
1 < X-Served-By: cache-gru-sbgr1930057-GRU
1 < X-Cache: MISS
1 < X-Cache-Hits: 0
1 < X-Timer: S1685661803.963981,VS0,VE342
1 < Vary: x-fh-requested-host, accept-encoding
1 < alt-svc: h3=":443";ma=86400,h3-29=":443";ma=86400,h3-27=":443";ma=86400
{"error":"APP_ID_MISSING"}
20:23:23.384 [main] ERROR com.intuit.karate - classpath:aula_inatel/dummyapi/dummyapi.feature:10
Then status 200
status code was: 403, expected: 200, response time in milliseconds: 796, url: https://dummyapi.io/data/v1/user, response: 
{"error":"APP_ID_MISSING"}
classpath:aula_inatel/dummyapi/dummyapi.feature:10
---------------------------------------------------------
feature: classpath:aula_inatel/dummyapi/dummyapi.feature
scenarios:  1 | passed:  0 | failed:  1 | time: 1,5306
---------------------------------------------------------

Karate version: 1.0.1
======================================================
elapsed:   6,01 | threads:    1 | thread time: 1,53 
features:     1 | skipped:    0 | efficiency: 0,25
scenarios:    1 | passed:     0 | failed: 1
======================================================
>>> failed features:
status code was: 403, expected: 200, response time in milliseconds: 796, url: https://dummyapi.io/data/v1/user, response: 
{"error":"APP_ID_MISSING"}
classpath:aula_inatel/dummyapi/dummyapi.feature:10
<<<

HTML report: (paste into browser to view) | Karate version: 1.0.1
file:///D:/Codigos/S206-L1-QA/aula_karate/target/karate-reports/karate-summary.html
===================================================================

]]></system-out>
  </testcase>
</testsuite>