<?xml version="1.0" encoding="UTF-8"?>
<testsuite xmlns:xsi="http://www.w3.org/2001/XMLSchema-instance" xsi:noNamespaceSchemaLocation="https://maven.apache.org/surefire/maven-surefire-plugin/xsd/surefire-test-report.xsd" name="aula_inatel.fakestore.FakeRunner" time="13.763" tests="6" errors="0" skipped="0" failures="0">
  <properties>
[...]
</properties>
  <testcase name="Fake_Runner[1][1]" classname="aula_inatel.fakestore.FakeRunner" time="4.214"/>
  <testcase name="Fake_Runner[1][2]" classname="aula_inatel.fakestore.FakeRunner" time="0.751"/>
  <testcase name="Fake_Runner[1][3]" classname="aula_inatel.fakestore.FakeRunner" time="1.418"/>
  <testcase name="Fake_Runner[1][4]" classname="aula_inatel.fakestore.FakeRunner" time="0.834"/>
  <testcase name="Fake_Runner[1][5]" classname="aula_inatel.fakestore.FakeRunner" time="0.713"/>
  <testcase name="Fake_Runner[1][6]" classname="aula_inatel.fakestore.FakeRunner" time="4.249"/>
</testsuite>