<?xml version="1.0" encoding="UTF-8"?>
<testsuite xmlns:xsi="http://www.w3.org/2001/XMLSchema-instance" xsi:noNamespaceSchemaLocation="https://maven.apache.org/surefire/maven-surefire-plugin/xsd/surefire-test-report.xsd" name="aula_inatel.fakestore.FakeRunner" time="18.208" tests="10" errors="0" skipped="0" failures="0">
  <properties>
[...]
</properties>
  <testcase name="Fake_Runner[1][1]" classname="aula_inatel.fakestore.FakeRunner" time="4.243"/>
  <testcase name="Fake_Runner[1][2]" classname="aula_inatel.fakestore.FakeRunner" time="0.851"/>
  <testcase name="Fake_Runner[1][3]" classname="aula_inatel.fakestore.FakeRunner" time="1.254"/>
  <testcase name="Fake_Runner[1][4]" classname="aula_inatel.fakestore.FakeRunner" time="0.844"/>
  <testcase name="Fake_Runner[1][5]" classname="aula_inatel.fakestore.FakeRunner" time="1.257"/>
  <testcase name="Fake_Runner[1][6]" classname="aula_inatel.fakestore.FakeRunner" time="0.624"/>
  <testcase name="Fake_Runner[1][7]" classname="aula_inatel.fakestore.FakeRunner" time="1.215"/>
  <testcase name="Fake_Runner[1][8]" classname="aula_inatel.fakestore.FakeRunner" time="0.768"/>
  <testcase name="Fake_Runner[1][9]" classname="aula_inatel.fakestore.FakeRunner" time="1.297"/>
  <testcase name="Fake_Runner[1][10]" classname="aula_inatel.fakestore.FakeRunner" time="4.155"/>
</testsuite>